<?xml version="1.0" encoding="UTF-8"?>
<!-- Generated by org.testng.reporters.JUnitReportReporter -->
<testsuite hostname="DESKTOP-UACI8CK" failures="0" tests="1" name="tests.AutenticationTest" time="59.094" errors="0" timestamp="2020-04-03T18:59:23 CEST" skipped="0">
  <testcase classname="tests.AutenticationTest" name="testRegisterUser" time="59.094"/>
  <system-out/>
</testsuite> <!-- tests.AutenticationTest -->
