<?xml version="1.0" encoding="UTF-8"?>
<!-- Generated by org.testng.reporters.JUnitReportReporter -->
<testsuite hostname="DESKTOP-UACI8CK" failures="0" tests="3" name="automationSajt.TestSummerDresses" time="14.823" errors="0" timestamp="2020-04-02T17:18:52 CEST" skipped="0">
  <testcase classname="automationSajt.TestSummerDresses" name="SummerDressFromWomen" time="3.886"/>
  <system-out/>
  <testcase classname="automationSajt.TestSummerDresses" name="SummerDressFromDress" time="5.823"/>
  <system-out/>
  <testcase classname="automationSajt.TestSummerDresses" name="compareURLs" time="5.114"/>
  <system-out/>
</testsuite> <!-- automationSajt.TestSummerDresses -->
