<?xml version="1.0" encoding="UTF-8"?>
<!-- Generated by org.testng.reporters.JUnitReportReporter -->
<testsuite hostname="DESKTOP-UACI8CK" failures="0" tests="1" name="tests.TestLogin30Users" time="19.601" errors="1" timestamp="2020-04-03T20:12:48 CEST" skipped="0">
  <testcase classname="tests.TestLogin30Users" name="testLoginUser" time="19.601">
    <error message="Receiver class org.apache.xerces.dom.DeferredElementNSImpl does not define or inherit an implementation of the resolved method &#039;abstract java.lang.String getTextContent()&#039; of interface org.w3c.dom.Node." type="java.lang.AbstractMethodError">
      <![CDATA[java.lang.AbstractMethodError: Receiver class org.apache.xerces.dom.DeferredElementNSImpl does not define or inherit an implementation of the resolved method 'abstract java.lang.String getTextContent()' of interface org.w3c.dom.Node.
at org.apache.poi.openxml4j.opc.internal.unmarshallers.PackagePropertiesUnmarshaller.readElement(PackagePropertiesUnmarshaller.java:146)
at org.apache.poi.openxml4j.opc.internal.unmarshallers.PackagePropertiesUnmarshaller.loadCreated(PackagePropertiesUnmarshaller.java:162)
at org.apache.poi.openxml4j.opc.internal.unmarshallers.PackagePropertiesUnmarshaller.unmarshall(PackagePropertiesUnmarshaller.java:124)
at org.apache.poi.openxml4j.opc.OPCPackage.getParts(OPCPackage.java:752)
at org.apache.poi.openxml4j.opc.OPCPackage.open(OPCPackage.java:310)
at org.apache.poi.ooxml.util.PackageHelper.open(PackageHelper.java:47)
at org.apache.poi.xssf.usermodel.XSSFWorkbook.<init>(XSSFWorkbook.java:309)
at automationSajt.LogIn30Users.getData(LogIn30Users.java:41)
at automationSajt.LogIn30Users.loginUser(LogIn30Users.java:62)
at tests.TestLogin30Users.testLoginUser(TestLogin30Users.java:30)
at java.base/jdk.internal.reflect.NativeMethodAccessorImpl.invoke0(Native Method)
at java.base/jdk.internal.reflect.NativeMethodAccessorImpl.invoke(NativeMethodAccessorImpl.java:62)
at java.base/jdk.internal.reflect.DelegatingMethodAccessorImpl.invoke(DelegatingMethodAccessorImpl.java:43)
at java.base/java.lang.reflect.Method.invoke(Method.java:566)
at org.testng.internal.MethodInvocationHelper.invokeMethod(MethodInvocationHelper.java:135)
at org.testng.internal.TestInvoker.invokeMethod(TestInvoker.java:598)
at org.testng.internal.TestInvoker.invokeTestMethod(TestInvoker.java:174)
at org.testng.internal.MethodRunner.runInSequence(MethodRunner.java:46)
at org.testng.internal.TestInvoker$MethodInvocationAgent.invoke(TestInvoker.java:821)
at org.testng.internal.TestInvoker.invokeTestMethods(TestInvoker.java:147)
at org.testng.internal.TestMethodWorker.invokeTestMethods(TestMethodWorker.java:146)
at org.testng.internal.TestMethodWorker.run(TestMethodWorker.java:128)
at java.base/java.util.ArrayList.forEach(ArrayList.java:1540)
at org.testng.TestRunner.privateRun(TestRunner.java:767)
at org.testng.TestRunner.run(TestRunner.java:588)
at org.testng.SuiteRunner.runTest(SuiteRunner.java:384)
at org.testng.SuiteRunner.runSequentially(SuiteRunner.java:378)
at org.testng.SuiteRunner.privateRun(SuiteRunner.java:337)
at org.testng.SuiteRunner.run(SuiteRunner.java:286)
at org.testng.SuiteRunnerWorker.runSuite(SuiteRunnerWorker.java:53)
at org.testng.SuiteRunnerWorker.run(SuiteRunnerWorker.java:96)
at org.testng.TestNG.runSuitesSequentially(TestNG.java:1214)
at org.testng.TestNG.runSuitesLocally(TestNG.java:1136)
at org.testng.TestNG.runSuites(TestNG.java:1066)
at org.testng.TestNG.run(TestNG.java:1034)
at org.testng.remote.AbstractRemoteTestNG.run(AbstractRemoteTestNG.java:115)
at org.testng.remote.RemoteTestNG.initAndRun(RemoteTestNG.java:251)
at org.testng.remote.RemoteTestNG.main(RemoteTestNG.java:77)
]]>
    </error>
  </testcase> <!-- testLoginUser -->
  <system-out/>
</testsuite> <!-- tests.TestLogin30Users -->
