<?xml version="1.0" encoding="UTF-8"?>
<!-- Generated by org.testng.reporters.JUnitReportReporter -->
<testsuite hostname="DESKTOP-UACI8CK" failures="0" tests="3" name="tests.TestSummerDresses" time="12.491" errors="0" timestamp="2020-04-03T18:44:19 CEST" skipped="0">
  <testcase classname="tests.TestSummerDresses" name="SummerDressFromWomen" time="2.642"/>
  <system-out/>
  <testcase classname="tests.TestSummerDresses" name="SummerDressFromDress" time="5.613"/>
  <system-out/>
  <testcase classname="tests.TestSummerDresses" name="compareURLs" time="4.236"/>
  <system-out/>
</testsuite> <!-- tests.TestSummerDresses -->
