<?xml version="1.0" encoding="UTF-8"?>
<!-- Generated by org.testng.reporters.JUnitReportReporter -->
<testsuite hostname="DESKTOP-UACI8CK" failures="0" tests="4" name="tests.DressesTest" time="90.750" errors="0" timestamp="2020-04-03T18:52:19 CEST" skipped="0">
  <testcase classname="tests.DressesTest" name="testName" time="21.224"/>
  <system-out/>
  <testcase classname="tests.DressesTest" name="testColor" time="25.295"/>
  <system-out/>
  <testcase classname="tests.DressesTest" name="testQty" time="22.473"/>
  <system-out/>
  <testcase classname="tests.DressesTest" name="testSize" time="21.758"/>
  <system-out/>
</testsuite> <!-- tests.DressesTest -->
