<?xml version="1.0" encoding="UTF-8"?>
<!-- Generated by org.testng.reporters.JUnitReportReporter -->
<testsuite hostname="DESKTOP-UACI8CK" failures="0" tests="4" name="automationSajt.DressesTest" time="83.064" errors="0" timestamp="2020-04-02T19:29:15 CEST" skipped="0">
  <testcase classname="automationSajt.DressesTest" name="testSize" time="21.438"/>
  <system-out/>
  <testcase classname="automationSajt.DressesTest" name="testName" time="19.836"/>
  <system-out/>
  <testcase classname="automationSajt.DressesTest" name="testQty" time="22.136"/>
  <system-out/>
  <testcase classname="automationSajt.DressesTest" name="testColor" time="19.654"/>
  <system-out/>
</testsuite> <!-- automationSajt.DressesTest -->
